<?xml version="1.0" encoding="UTF-8"?>
<!-- Generated by org.testng.reporters.JUnitReportReporter -->
<testsuite hostname="DESKTOP-0GJM9JF" failures="0" tests="1" name="packagTest.TestNGClass1" time="22.655" errors="0" timestamp="2024-02-08T14:34:41 IST" skipped="0">
  <testcase classname="packagTest.TestNGClass1" name="method1" time="22.655"/>
  <system-out/>
</testsuite> <!-- packagTest.TestNGClass1 -->
