<?xml version="1.0" encoding="UTF-8"?>
<!-- Generated by org.testng.reporters.JUnitReportReporter -->
<testsuite hostname="DESKTOP-0GJM9JF" failures="0" tests="1" name="packagTest.AsserPrograms" time="11.104" errors="0" timestamp="2024-02-24T11:21:32 IST" skipped="0">
  <testcase classname="packagTest.AsserPrograms" name="testcase1" time="11.104"/>
  <system-out/>
</testsuite> <!-- packagTest.AsserPrograms -->
