<?xml version="1.0" encoding="UTF-8"?>
<!-- Generated by org.testng.reporters.JUnitReportReporter -->
<testsuite hostname="DESKTOP-0GJM9JF" failures="0" tests="3" name="packagTest.Assignment140" time="0.011" errors="0" timestamp="2024-02-11T16:25:01 IST" skipped="0">
  <testcase classname="packagTest.Assignment140" name="test3" time="0.006"/>
  <system-out/>
  <testcase classname="packagTest.Assignment140" name="test1" time="0.003"/>
  <system-out/>
  <testcase classname="packagTest.Assignment140" name="test2" time="0.002"/>
  <system-out/>
</testsuite> <!-- packagTest.Assignment140 -->
