<?xml version="1.0" encoding="UTF-8"?>
<!-- Generated by org.testng.reporters.JUnitReportReporter -->
<testsuite hostname="DESKTOP-0GJM9JF" failures="0" tests="5" name="packagTest.DataPro" time="0.017" errors="0" timestamp="2024-02-20T22:31:02 IST" skipped="0">
  <testcase classname="packagTest.DataPro" name="method" time="0.001"/>
  <system-out/>
  <testcase classname="packagTest.DataPro" name="method" time="0.002"/>
  <system-out/>
  <testcase classname="packagTest.DataPro" name="method" time="0.005"/>
  <system-out/>
  <testcase classname="packagTest.DataPro" name="method" time="0.006"/>
  <system-out/>
  <testcase classname="packagTest.DataPro" name="method" time="0.003"/>
  <system-out/>
</testsuite> <!-- packagTest.DataPro -->
