<?xml version="1.0" encoding="UTF-8"?>
<!-- Generated by org.testng.reporters.JUnitReportReporter -->
<testsuite hostname="DESKTOP-0GJM9JF" failures="0" tests="1" name="packagTest.Class4" time="0.001" errors="0" timestamp="2024-02-08T14:30:04 IST" skipped="0">
  <testcase classname="packagTest.Class4" name="method4" time="0.001"/>
  <system-out/>
</testsuite> <!-- packagTest.Class4 -->
