<?xml version="1.0" encoding="UTF-8"?>
<!-- Generated by org.testng.reporters.JUnitReportReporter -->
<testsuite hostname="DESKTOP-0GJM9JF" failures="0" tests="1" name="packagTest.Class3" time="0.002" errors="0" timestamp="2024-02-08T14:30:04 IST" skipped="0">
  <testcase classname="packagTest.Class3" name="method3" time="0.002"/>
  <system-out/>
</testsuite> <!-- packagTest.Class3 -->
