<?xml version="1.0" encoding="UTF-8"?>
<!-- Generated by org.testng.reporters.JUnitReportReporter -->
<testsuite hostname="DESKTOP-0GJM9JF" failures="0" tests="2" name="packagTest.GroupingProgram" time="0.010" errors="0" timestamp="2024-02-19T15:38:31 IST" skipped="0">
  <testcase classname="packagTest.GroupingProgram" name="m2" time="0.008"/>
  <system-out/>
  <testcase classname="packagTest.GroupingProgram" name="m3" time="0.002"/>
  <system-out/>
</testsuite> <!-- packagTest.GroupingProgram -->
