<?xml version="1.0" encoding="UTF-8"?>
<!-- Generated by org.testng.reporters.JUnitReportReporter -->
<testsuite hostname="DESKTOP-0GJM9JF" failures="0" tests="1" name="packagTest.AssertProgram1" time="18.091" errors="0" timestamp="2024-02-24T13:01:47 IST" skipped="0">
  <testcase classname="packagTest.AssertProgram1" name="amazon" time="18.091"/>
  <system-out/>
</testsuite> <!-- packagTest.AssertProgram1 -->
