<?xml version="1.0" encoding="UTF-8"?>
<!-- Generated by org.testng.reporters.JUnitReportReporter -->
<testsuite hostname="DESKTOP-0GJM9JF" failures="0" tests="1" name="packagTest.Assignment137" time="0.005" errors="0" timestamp="2024-02-11T16:06:12 IST" skipped="0">
  <testcase classname="packagTest.Assignment137" name="main" time="0.005"/>
  <system-out/>
</testsuite> <!-- packagTest.Assignment137 -->
