<?xml version="1.0" encoding="UTF-8"?>
<!-- Generated by org.testng.reporters.JUnitReportReporter -->
<testsuite hostname="DESKTOP-0GJM9JF" failures="0" tests="5" name="packagTest.LaunchAmazonProvider" time="53.559" errors="0" timestamp="2024-02-20T22:54:02 IST" skipped="0">
  <testcase classname="packagTest.LaunchAmazonProvider" name="method2" time="16.008"/>
  <system-out/>
  <testcase classname="packagTest.LaunchAmazonProvider" name="method2" time="10.972"/>
  <system-out/>
  <testcase classname="packagTest.LaunchAmazonProvider" name="method2" time="9.599"/>
  <system-out/>
  <testcase classname="packagTest.LaunchAmazonProvider" name="method2" time="7.000"/>
  <system-out/>
  <testcase classname="packagTest.LaunchAmazonProvider" name="method2" time="9.980"/>
  <system-out/>
</testsuite> <!-- packagTest.LaunchAmazonProvider -->
