<?xml version="1.0" encoding="UTF-8"?>
<!-- Generated by org.testng.reporters.JUnitReportReporter -->
<testsuite hostname="DESKTOP-0GJM9JF" failures="0" tests="11" name="packagTest.FacebookSignup" time="59.860" errors="0" timestamp="2024-02-23T20:54:18 IST" skipped="0">
  <testcase classname="packagTest.FacebookSignup" name="singup" time="5.483"/>
  <system-out/>
  <testcase classname="packagTest.FacebookSignup" name="singup" time="6.669"/>
  <system-out/>
  <testcase classname="packagTest.FacebookSignup" name="singup" time="5.373"/>
  <system-out/>
  <testcase classname="packagTest.FacebookSignup" name="singup" time="5.201"/>
  <system-out/>
  <testcase classname="packagTest.FacebookSignup" name="singup" time="5.439"/>
  <system-out/>
  <testcase classname="packagTest.FacebookSignup" name="singup" time="5.261"/>
  <system-out/>
  <testcase classname="packagTest.FacebookSignup" name="singup" time="5.130"/>
  <system-out/>
  <testcase classname="packagTest.FacebookSignup" name="singup" time="5.395"/>
  <system-out/>
  <testcase classname="packagTest.FacebookSignup" name="singup" time="5.108"/>
  <system-out/>
  <testcase classname="packagTest.FacebookSignup" name="singup" time="5.469"/>
  <system-out/>
  <testcase classname="packagTest.FacebookSignup" name="singup" time="5.332"/>
  <system-out/>
</testsuite> <!-- packagTest.FacebookSignup -->
