<?xml version="1.0" encoding="UTF-8"?>
<!-- Generated by org.testng.reporters.JUnitReportReporter -->
<testsuite hostname="DESKTOP-0GJM9JF" failures="0" tests="2" name="packagTest.Class6" time="0.019" errors="0" timestamp="2024-02-08T22:32:51 IST" skipped="0">
  <testcase classname="packagTest.Class6" name="testcase1" time="0.005"/>
  <system-out/>
  <testcase classname="packagTest.Class6" name="TestCase2" time="0.014"/>
  <system-out/>
</testsuite> <!-- packagTest.Class6 -->
