<?xml version="1.0" encoding="UTF-8"?>
<!-- Generated by org.testng.reporters.JUnitReportReporter -->
<testsuite hostname="DESKTOP-0GJM9JF" failures="0" tests="1" name="packagTest.Class5" time="0.006" errors="0" timestamp="2024-02-08T14:30:04 IST" skipped="0">
  <testcase classname="packagTest.Class5" name="method5" time="0.006"/>
  <system-out/>
</testsuite> <!-- packagTest.Class5 -->
