<?xml version="1.0" encoding="UTF-8"?>
<!-- Generated by org.testng.reporters.JUnitReportReporter -->
<testsuite hostname="DESKTOP-0GJM9JF" failures="0" tests="14" name="packagTest.Parameter1" time="0.039" errors="0" timestamp="2024-02-13T21:06:02 IST" skipped="0">
  <testcase classname="packagTest.Parameter1" name="method1" time="0.001"/>
  <system-out/>
  <testcase classname="packagTest.Parameter1" name="method" time="0.008"/>
  <system-out/>
  <testcase classname="packagTest.Parameter1" name="method1" time="0.001"/>
  <system-out/>
  <testcase classname="packagTest.Parameter1" name="method1" time="0.002"/>
  <system-out/>
  <testcase classname="packagTest.Parameter1" name="method1" time="0.004"/>
  <system-out/>
  <testcase classname="packagTest.Parameter1" name="method2" time="0.002"/>
  <system-out/>
  <testcase classname="packagTest.Parameter1" name="method1" time="0.001"/>
  <system-out/>
  <testcase classname="packagTest.Parameter1" name="method1" time="0.002"/>
  <system-out/>
  <testcase classname="packagTest.Parameter1" name="method1" time="0.001"/>
  <system-out/>
  <testcase classname="packagTest.Parameter1" name="method3" time="0.001"/>
  <system-out/>
  <testcase classname="packagTest.Parameter1" name="method1" time="0.001"/>
  <system-out/>
  <testcase classname="packagTest.Parameter1" name="method1" time="0.001"/>
  <system-out/>
  <testcase classname="packagTest.Parameter1" name="method1" time="0.006"/>
  <system-out/>
  <testcase classname="packagTest.Parameter1" name="method1" time="0.008"/>
  <system-out/>
</testsuite> <!-- packagTest.Parameter1 -->
