<?xml version="1.0" encoding="UTF-8"?>
<!-- Generated by org.testng.reporters.JUnitReportReporter -->
<testsuite hostname="DESKTOP-0GJM9JF" failures="0" tests="1" name="packagTest.Assignment138" time="0.006" errors="0" timestamp="2024-02-11T16:11:32 IST" skipped="0">
  <testcase classname="packagTest.Assignment138" name="main1" time="0.006"/>
  <system-out/>
</testsuite> <!-- packagTest.Assignment138 -->
