<?xml version="1.0" encoding="UTF-8"?>
<!-- Generated by org.testng.reporters.JUnitReportReporter -->
<testsuite hostname="DESKTOP-0GJM9JF" failures="0" tests="2" name="packagTest.Assignment139" time="0.009" errors="0" timestamp="2024-02-11T16:24:04 IST" skipped="0">
  <testcase classname="packagTest.Assignment139" name="test2" time="0.005"/>
  <system-out/>
  <testcase classname="packagTest.Assignment139" name="test1" time="0.004"/>
  <system-out/>
</testsuite> <!-- packagTest.Assignment139 -->
